Build started 2016/11/7 16:22:08.
     1>Project "C:\Users\Think\Documents\Visual Studio 2010\Projects\ECIBoxTB-20161107\ECIBoxTB\ECIBoxTB.vcxproj" on node 2 (build target(s)).
     1>InitializeBuildStatus:
         Creating "x64\Debug\ECIBoxTB.unsuccessfulbuild" because "AlwaysCreate" was specified.
       ClCompile:
         All outputs are up-to-date.
         D:\Program Files (x86)\Microsoft Visual Studio 10.0\VC\bin\x86_amd64\CL.exe /c /Zi /nologo /W3 /WX- /Od /D WIN32 /D _WINDOWS /D _DEBUG /D _MBCS /D _AFXDLL /Gm /EHsc /RTC1 /MDd /GS /fp:precise /Zc:wchar_t /Zc:forScope /Yu"StdAfx.h" /Fp"x64\Debug\ECIBoxTB.pch" /Fo"x64\Debug\\" /Fd"x64\Debug\vc100.pdb" /Gd /TP /errorReport:prompt ECISelect.cpp MainDlg.cpp MainDlgOld.cpp
         MainDlgOld.cpp
     1>MainDlgOld.cpp(458): warning C4996: 'fopen': This function or variable may be unsafe. Consider using fopen_s instead. To disable deprecation, use _CRT_SECURE_NO_WARNINGS. See online help for details.
                 D:\Program Files (x86)\Microsoft Visual Studio 10.0\VC\include\stdio.h(234) : see declaration of 'fopen'
         MainDlg.cpp
     1>MainDlg.cpp(546): warning C4996: 'fopen': This function or variable may be unsafe. Consider using fopen_s instead. To disable deprecation, use _CRT_SECURE_NO_WARNINGS. See online help for details.
                 D:\Program Files (x86)\Microsoft Visual Studio 10.0\VC\include\stdio.h(234) : see declaration of 'fopen'
         Generating Code...
         Skipping... (no relevant changes detected)
         ECISelect.cpp
       ResourceCompile:
         All outputs are up-to-date.
       ManifestResourceCompile:
         All outputs are up-to-date.
       Link:
         D:\Program Files (x86)\Microsoft Visual Studio 10.0\VC\bin\x86_amd64\link.exe /ERRORREPORT:PROMPT /OUT:"C:\Users\Think\Documents\Visual Studio 2010\Projects\ECIBoxTB-20161107\x64\Debug\ECIBoxTB.exe" /INCREMENTAL /NOLOGO /MANIFEST /ManifestFile:"x64\Debug\ECIBoxTB.exe.intermediate.manifest" /MANIFESTUAC:"level='asInvoker' uiAccess='false'" /DEBUG /PDB:"C:\Users\Think\Documents\Visual Studio 2010\Projects\ECIBoxTB-20161107\x64\Debug\ECIBoxTB.pdb" /SUBSYSTEM:WINDOWS /TLBID:1 /DYNAMICBASE /NXCOMPAT /IMPLIB:"C:\Users\Think\Documents\Visual Studio 2010\Projects\ECIBoxTB-20161107\x64\Debug\ECIBoxTB.lib" /MACHINE:X64 x64\Debug\ECIBoxTB.res
         x64\Debug\ECIBoxTB.exe.embed.manifest.res
         x64\Debug\AboutBoxDlg.obj
         x64\Debug\CommunicateWithCan.obj
         x64\Debug\CommunicateWithCom.obj
         x64\Debug\ConductDlg.obj
         x64\Debug\ConductTestDlg.obj
         x64\Debug\ConfigDlg.obj
         x64\Debug\CRC.obj
         x64\Debug\CSerialPort.obj
         x64\Debug\ECIBoxTB.obj
         x64\Debug\ECISelect.obj
         x64\Debug\framePack.obj
         x64\Debug\frameUnpack.obj
         x64\Debug\Info2Page.obj
         x64\Debug\Info3Page.obj
         x64\Debug\Info4Page.obj
         x64\Debug\Info5Page.obj
         x64\Debug\Info5PageOld.obj
         x64\Debug\Info6Page.obj
         x64\Debug\Info6PageOld.obj
         x64\Debug\MainDlg.obj
         x64\Debug\MainDlgOld.obj
         x64\Debug\stdafx.obj
         x64\Debug\SwitchTestDlg.obj
         x64\Debug\TestDlg.obj
         x64\Debug\TpsTestDlg.obj
         ControlCAN.LIB
         ECIBoxTB.vcxproj -> C:\Users\Think\Documents\Visual Studio 2010\Projects\ECIBoxTB-20161107\x64\Debug\ECIBoxTB.exe
       Manifest:
         C:\Program Files (x86)\Microsoft SDKs\Windows\v7.0A\bin\mt.exe /nologo /verbose /out:"x64\Debug\ECIBoxTB.exe.embed.manifest" /manifest x64\Debug\ECIBoxTB.exe.intermediate.manifest "D:\Program Files (x86)\Microsoft Visual Studio 10.0\VC\Include\Manifest\dpiaware.manifest"
         All outputs are up-to-date.
       LinkEmbedManifest:
         All outputs are up-to-date.
         ECIBoxTB.vcxproj -> C:\Users\Think\Documents\Visual Studio 2010\Projects\ECIBoxTB-20161107\x64\Debug\ECIBoxTB.exe
       FinalizeBuildStatus:
         Deleting file "x64\Debug\ECIBoxTB.unsuccessfulbuild".
         Touching "x64\Debug\ECIBoxTB.lastbuildstate".
     1>Done Building Project "C:\Users\Think\Documents\Visual Studio 2010\Projects\ECIBoxTB-20161107\ECIBoxTB\ECIBoxTB.vcxproj" (build target(s)).

Build succeeded.

Time Elapsed 00:00:02.01
