C:\USERS\THINK\DOCUMENTS\VISUAL STUDIO 2010\PROJECTS\ECIBOXTB-20161103\ECIBOXTB\X64\DEBUG\ABOUTBOXDLG.OBJ
C:\Users\Think\Documents\Visual Studio 2010\Projects\ECIBoxTB-20161103\ECIBoxTB\x64\Debug\cl.command.1.tlog
C:\Users\Think\Documents\Visual Studio 2010\Projects\ECIBoxTB-20161103\ECIBoxTB\x64\Debug\CL.read.1.tlog
C:\Users\Think\Documents\Visual Studio 2010\Projects\ECIBoxTB-20161103\ECIBoxTB\x64\Debug\CL.write.1.tlog
C:\USERS\THINK\DOCUMENTS\VISUAL STUDIO 2010\PROJECTS\ECIBOXTB-20161103\ECIBOXTB\X64\DEBUG\COMMUNICATEWITHCAN.OBJ
C:\USERS\THINK\DOCUMENTS\VISUAL STUDIO 2010\PROJECTS\ECIBOXTB-20161103\ECIBOXTB\X64\DEBUG\COMMUNICATEWITHCOM.OBJ
C:\USERS\THINK\DOCUMENTS\VISUAL STUDIO 2010\PROJECTS\ECIBOXTB-20161103\ECIBOXTB\X64\DEBUG\CONDUCTDLG.OBJ
C:\USERS\THINK\DOCUMENTS\VISUAL STUDIO 2010\PROJECTS\ECIBOXTB-20161103\ECIBOXTB\X64\DEBUG\CONDUCTTESTDLG.OBJ
C:\USERS\THINK\DOCUMENTS\VISUAL STUDIO 2010\PROJECTS\ECIBOXTB-20161103\ECIBOXTB\X64\DEBUG\CONFIGDLG.OBJ
C:\USERS\THINK\DOCUMENTS\VISUAL STUDIO 2010\PROJECTS\ECIBOXTB-20161103\ECIBOXTB\X64\DEBUG\CRC.OBJ
C:\USERS\THINK\DOCUMENTS\VISUAL STUDIO 2010\PROJECTS\ECIBOXTB-20161103\ECIBOXTB\X64\DEBUG\CSERIALPORT.OBJ
C:\USERS\THINK\DOCUMENTS\VISUAL STUDIO 2010\PROJECTS\ECIBOXTB-20161103\ECIBOXTB\X64\DEBUG\ECIBOXTB.EXE.EMBED.MANIFEST
C:\USERS\THINK\DOCUMENTS\VISUAL STUDIO 2010\PROJECTS\ECIBOXTB-20161103\ECIBOXTB\X64\DEBUG\ECIBOXTB.EXE.EMBED.MANIFEST.RES
C:\USERS\THINK\DOCUMENTS\VISUAL STUDIO 2010\PROJECTS\ECIBOXTB-20161103\ECIBOXTB\X64\DEBUG\ECIBOXTB.EXE.INTERMEDIATE.MANIFEST
C:\USERS\THINK\DOCUMENTS\VISUAL STUDIO 2010\PROJECTS\ECIBOXTB-20161103\ECIBOXTB\X64\DEBUG\ECIBOXTB.OBJ
C:\USERS\THINK\DOCUMENTS\VISUAL STUDIO 2010\PROJECTS\ECIBOXTB-20161103\ECIBOXTB\X64\DEBUG\ECIBOXTB.PCH
C:\USERS\THINK\DOCUMENTS\VISUAL STUDIO 2010\PROJECTS\ECIBOXTB-20161103\ECIBOXTB\X64\DEBUG\ECIBOXTB.RES
C:\Users\Think\Documents\Visual Studio 2010\Projects\ECIBoxTB-20161103\ECIBoxTB\x64\Debug\ECIBoxTB.write.1.tlog
C:\Users\Think\Documents\Visual Studio 2010\Projects\ECIBoxTB-20161103\ECIBoxTB\x64\Debug\ECIBoxTB_manifest.rc
C:\USERS\THINK\DOCUMENTS\VISUAL STUDIO 2010\PROJECTS\ECIBOXTB-20161103\ECIBOXTB\X64\DEBUG\ECISELECT.OBJ
C:\USERS\THINK\DOCUMENTS\VISUAL STUDIO 2010\PROJECTS\ECIBOXTB-20161103\ECIBOXTB\X64\DEBUG\FRAMEPACK.OBJ
C:\USERS\THINK\DOCUMENTS\VISUAL STUDIO 2010\PROJECTS\ECIBOXTB-20161103\ECIBOXTB\X64\DEBUG\FRAMEUNPACK.OBJ
C:\USERS\THINK\DOCUMENTS\VISUAL STUDIO 2010\PROJECTS\ECIBOXTB-20161103\ECIBOXTB\X64\DEBUG\INFO2PAGE.OBJ
C:\USERS\THINK\DOCUMENTS\VISUAL STUDIO 2010\PROJECTS\ECIBOXTB-20161103\ECIBOXTB\X64\DEBUG\INFO3PAGE.OBJ
C:\USERS\THINK\DOCUMENTS\VISUAL STUDIO 2010\PROJECTS\ECIBOXTB-20161103\ECIBOXTB\X64\DEBUG\INFO4PAGE.OBJ
C:\USERS\THINK\DOCUMENTS\VISUAL STUDIO 2010\PROJECTS\ECIBOXTB-20161103\ECIBOXTB\X64\DEBUG\INFO5PAGE.OBJ
C:\USERS\THINK\DOCUMENTS\VISUAL STUDIO 2010\PROJECTS\ECIBOXTB-20161103\ECIBOXTB\X64\DEBUG\INFO5PAGEOLD.OBJ
C:\USERS\THINK\DOCUMENTS\VISUAL STUDIO 2010\PROJECTS\ECIBOXTB-20161103\ECIBOXTB\X64\DEBUG\INFO6PAGE.OBJ
C:\USERS\THINK\DOCUMENTS\VISUAL STUDIO 2010\PROJECTS\ECIBOXTB-20161103\ECIBOXTB\X64\DEBUG\INFO6PAGEOLD.OBJ
C:\Users\Think\Documents\Visual Studio 2010\Projects\ECIBoxTB-20161103\ECIBoxTB\x64\Debug\link.command.1.tlog
C:\Users\Think\Documents\Visual Studio 2010\Projects\ECIBoxTB-20161103\ECIBoxTB\x64\Debug\link.read.1.tlog
C:\Users\Think\Documents\Visual Studio 2010\Projects\ECIBoxTB-20161103\ECIBoxTB\x64\Debug\link.write.1.tlog
C:\Users\Think\Documents\Visual Studio 2010\Projects\ECIBoxTB-20161103\ECIBoxTB\x64\Debug\link-cvtres.read.1.tlog
C:\Users\Think\Documents\Visual Studio 2010\Projects\ECIBoxTB-20161103\ECIBoxTB\x64\Debug\link-cvtres.write.1.tlog
C:\USERS\THINK\DOCUMENTS\VISUAL STUDIO 2010\PROJECTS\ECIBOXTB-20161103\ECIBOXTB\X64\DEBUG\MAINDLG.OBJ
C:\USERS\THINK\DOCUMENTS\VISUAL STUDIO 2010\PROJECTS\ECIBOXTB-20161103\ECIBOXTB\X64\DEBUG\MAINDLGOLD.OBJ
C:\Users\Think\Documents\Visual Studio 2010\Projects\ECIBoxTB-20161103\ECIBoxTB\x64\Debug\mt.command.1.tlog
C:\Users\Think\Documents\Visual Studio 2010\Projects\ECIBoxTB-20161103\ECIBoxTB\x64\Debug\mt.read.1.tlog
C:\Users\Think\Documents\Visual Studio 2010\Projects\ECIBoxTB-20161103\ECIBoxTB\x64\Debug\mt.write.1.tlog
C:\Users\Think\Documents\Visual Studio 2010\Projects\ECIBoxTB-20161103\ECIBoxTB\x64\Debug\rc.command.1.tlog
C:\Users\Think\Documents\Visual Studio 2010\Projects\ECIBoxTB-20161103\ECIBoxTB\x64\Debug\rc.read.1.tlog
C:\Users\Think\Documents\Visual Studio 2010\Projects\ECIBoxTB-20161103\ECIBoxTB\x64\Debug\rc.write.1.tlog
C:\USERS\THINK\DOCUMENTS\VISUAL STUDIO 2010\PROJECTS\ECIBOXTB-20161103\ECIBOXTB\X64\DEBUG\STDAFX.OBJ
C:\USERS\THINK\DOCUMENTS\VISUAL STUDIO 2010\PROJECTS\ECIBOXTB-20161103\ECIBOXTB\X64\DEBUG\SWITCHTESTDLG.OBJ
C:\USERS\THINK\DOCUMENTS\VISUAL STUDIO 2010\PROJECTS\ECIBOXTB-20161103\ECIBOXTB\X64\DEBUG\TESTDLG.OBJ
C:\USERS\THINK\DOCUMENTS\VISUAL STUDIO 2010\PROJECTS\ECIBOXTB-20161103\ECIBOXTB\X64\DEBUG\TPSTESTDLG.OBJ
C:\Users\Think\Documents\Visual Studio 2010\Projects\ECIBoxTB-20161103\ECIBoxTB\x64\Debug\vc100.idb
C:\USERS\THINK\DOCUMENTS\VISUAL STUDIO 2010\PROJECTS\ECIBOXTB-20161103\ECIBOXTB\X64\DEBUG\VC100.PDB
C:\USERS\THINK\DOCUMENTS\VISUAL STUDIO 2010\PROJECTS\ECIBOXTB-20161103\X64\DEBUG\ECIBOXTB.EXE
C:\USERS\THINK\DOCUMENTS\VISUAL STUDIO 2010\PROJECTS\ECIBOXTB-20161103\X64\DEBUG\ECIBOXTB.ILK
C:\USERS\THINK\DOCUMENTS\VISUAL STUDIO 2010\PROJECTS\ECIBOXTB-20161103\X64\DEBUG\ECIBOXTB.PDB
