C:\USERS\THINK\DOCUMENTS\VISUAL STUDIO 2010\PROJECTS\ECIBOXTB-20161107\ECIBOXTB\X64\RELEASE\ABOUTBOXDLG.OBJ
C:\Users\Think\Documents\Visual Studio 2010\Projects\ECIBoxTB-20161107\ECIBoxTB\x64\Release\cl.command.1.tlog
C:\Users\Think\Documents\Visual Studio 2010\Projects\ECIBoxTB-20161107\ECIBoxTB\x64\Release\CL.read.1.tlog
C:\Users\Think\Documents\Visual Studio 2010\Projects\ECIBoxTB-20161107\ECIBoxTB\x64\Release\CL.write.1.tlog
C:\USERS\THINK\DOCUMENTS\VISUAL STUDIO 2010\PROJECTS\ECIBOXTB-20161107\ECIBOXTB\X64\RELEASE\COMMUNICATEWITHCAN.OBJ
C:\USERS\THINK\DOCUMENTS\VISUAL STUDIO 2010\PROJECTS\ECIBOXTB-20161107\ECIBOXTB\X64\RELEASE\COMMUNICATEWITHCOM.OBJ
C:\USERS\THINK\DOCUMENTS\VISUAL STUDIO 2010\PROJECTS\ECIBOXTB-20161107\ECIBOXTB\X64\RELEASE\CONDUCTDLG.OBJ
C:\USERS\THINK\DOCUMENTS\VISUAL STUDIO 2010\PROJECTS\ECIBOXTB-20161107\ECIBOXTB\X64\RELEASE\CONDUCTTESTDLG.OBJ
C:\USERS\THINK\DOCUMENTS\VISUAL STUDIO 2010\PROJECTS\ECIBOXTB-20161107\ECIBOXTB\X64\RELEASE\CONFIGDLG.OBJ
C:\USERS\THINK\DOCUMENTS\VISUAL STUDIO 2010\PROJECTS\ECIBOXTB-20161107\ECIBOXTB\X64\RELEASE\CRC.OBJ
C:\USERS\THINK\DOCUMENTS\VISUAL STUDIO 2010\PROJECTS\ECIBOXTB-20161107\ECIBOXTB\X64\RELEASE\CSERIALPORT.OBJ
C:\USERS\THINK\DOCUMENTS\VISUAL STUDIO 2010\PROJECTS\ECIBOXTB-20161107\ECIBOXTB\X64\RELEASE\ECIBOXTB.EXE.INTERMEDIATE.MANIFEST
C:\USERS\THINK\DOCUMENTS\VISUAL STUDIO 2010\PROJECTS\ECIBOXTB-20161107\ECIBOXTB\X64\RELEASE\ECIBOXTB.OBJ
C:\USERS\THINK\DOCUMENTS\VISUAL STUDIO 2010\PROJECTS\ECIBOXTB-20161107\ECIBOXTB\X64\RELEASE\ECIBOXTB.PCH
C:\USERS\THINK\DOCUMENTS\VISUAL STUDIO 2010\PROJECTS\ECIBOXTB-20161107\ECIBOXTB\X64\RELEASE\ECIBOXTB.RES
C:\Users\Think\Documents\Visual Studio 2010\Projects\ECIBoxTB-20161107\ECIBoxTB\x64\Release\ECIBoxTB.write.1.tlog
C:\USERS\THINK\DOCUMENTS\VISUAL STUDIO 2010\PROJECTS\ECIBOXTB-20161107\ECIBOXTB\X64\RELEASE\ECISELECT.OBJ
C:\USERS\THINK\DOCUMENTS\VISUAL STUDIO 2010\PROJECTS\ECIBOXTB-20161107\ECIBOXTB\X64\RELEASE\FRAMEPACK.OBJ
C:\USERS\THINK\DOCUMENTS\VISUAL STUDIO 2010\PROJECTS\ECIBOXTB-20161107\ECIBOXTB\X64\RELEASE\FRAMEUNPACK.OBJ
C:\USERS\THINK\DOCUMENTS\VISUAL STUDIO 2010\PROJECTS\ECIBOXTB-20161107\ECIBOXTB\X64\RELEASE\INFO2PAGE.OBJ
C:\USERS\THINK\DOCUMENTS\VISUAL STUDIO 2010\PROJECTS\ECIBOXTB-20161107\ECIBOXTB\X64\RELEASE\INFO3PAGE.OBJ
C:\USERS\THINK\DOCUMENTS\VISUAL STUDIO 2010\PROJECTS\ECIBOXTB-20161107\ECIBOXTB\X64\RELEASE\INFO4PAGE.OBJ
C:\USERS\THINK\DOCUMENTS\VISUAL STUDIO 2010\PROJECTS\ECIBOXTB-20161107\ECIBOXTB\X64\RELEASE\INFO5PAGE.OBJ
C:\USERS\THINK\DOCUMENTS\VISUAL STUDIO 2010\PROJECTS\ECIBOXTB-20161107\ECIBOXTB\X64\RELEASE\INFO5PAGEOLD.OBJ
C:\USERS\THINK\DOCUMENTS\VISUAL STUDIO 2010\PROJECTS\ECIBOXTB-20161107\ECIBOXTB\X64\RELEASE\INFO6PAGE.OBJ
C:\USERS\THINK\DOCUMENTS\VISUAL STUDIO 2010\PROJECTS\ECIBOXTB-20161107\ECIBOXTB\X64\RELEASE\INFO6PAGEOLD.OBJ
C:\Users\Think\Documents\Visual Studio 2010\Projects\ECIBoxTB-20161107\ECIBoxTB\x64\Release\link.command.1.tlog
C:\Users\Think\Documents\Visual Studio 2010\Projects\ECIBoxTB-20161107\ECIBoxTB\x64\Release\link.read.1.tlog
C:\Users\Think\Documents\Visual Studio 2010\Projects\ECIBoxTB-20161107\ECIBoxTB\x64\Release\link.write.1.tlog
C:\Users\Think\Documents\Visual Studio 2010\Projects\ECIBoxTB-20161107\ECIBoxTB\x64\Release\link-cvtres.read.1.tlog
C:\Users\Think\Documents\Visual Studio 2010\Projects\ECIBoxTB-20161107\ECIBoxTB\x64\Release\link-cvtres.write.1.tlog
C:\USERS\THINK\DOCUMENTS\VISUAL STUDIO 2010\PROJECTS\ECIBOXTB-20161107\ECIBOXTB\X64\RELEASE\MAINDLG.OBJ
C:\USERS\THINK\DOCUMENTS\VISUAL STUDIO 2010\PROJECTS\ECIBOXTB-20161107\ECIBOXTB\X64\RELEASE\MAINDLGOLD.OBJ
C:\Users\Think\Documents\Visual Studio 2010\Projects\ECIBoxTB-20161107\ECIBoxTB\x64\Release\mt.command.1.tlog
C:\Users\Think\Documents\Visual Studio 2010\Projects\ECIBoxTB-20161107\ECIBoxTB\x64\Release\mt.read.1.tlog
C:\Users\Think\Documents\Visual Studio 2010\Projects\ECIBoxTB-20161107\ECIBoxTB\x64\Release\mt.write.1.tlog
C:\Users\Think\Documents\Visual Studio 2010\Projects\ECIBoxTB-20161107\ECIBoxTB\x64\Release\rc.command.1.tlog
C:\Users\Think\Documents\Visual Studio 2010\Projects\ECIBoxTB-20161107\ECIBoxTB\x64\Release\rc.read.1.tlog
C:\Users\Think\Documents\Visual Studio 2010\Projects\ECIBoxTB-20161107\ECIBoxTB\x64\Release\rc.write.1.tlog
C:\USERS\THINK\DOCUMENTS\VISUAL STUDIO 2010\PROJECTS\ECIBOXTB-20161107\ECIBOXTB\X64\RELEASE\STDAFX.OBJ
C:\USERS\THINK\DOCUMENTS\VISUAL STUDIO 2010\PROJECTS\ECIBOXTB-20161107\ECIBOXTB\X64\RELEASE\SWITCHTESTDLG.OBJ
C:\USERS\THINK\DOCUMENTS\VISUAL STUDIO 2010\PROJECTS\ECIBOXTB-20161107\ECIBOXTB\X64\RELEASE\TESTDLG.OBJ
C:\USERS\THINK\DOCUMENTS\VISUAL STUDIO 2010\PROJECTS\ECIBOXTB-20161107\ECIBOXTB\X64\RELEASE\TPSTESTDLG.OBJ
C:\USERS\THINK\DOCUMENTS\VISUAL STUDIO 2010\PROJECTS\ECIBOXTB-20161107\ECIBOXTB\X64\RELEASE\VC100.PDB
C:\USERS\THINK\DOCUMENTS\VISUAL STUDIO 2010\PROJECTS\ECIBOXTB-20161107\X64\RELEASE\ECIBOXTB.EXE
C:\USERS\THINK\DOCUMENTS\VISUAL STUDIO 2010\PROJECTS\ECIBOXTB-20161107\X64\RELEASE\ECIBOXTB.PDB
