Build started 2016/11/8 11:37:38.
     1>Project "C:\Users\Think\Documents\Visual Studio 2010\Projects\ECIBoxTB-20161107\ECIBoxTB\ECIBoxTB.vcxproj" on node 2 (build target(s)).
     1>InitializeBuildStatus:
         Creating "x64\Release\ECIBoxTB.unsuccessfulbuild" because "AlwaysCreate" was specified.
       ClCompile:
         All outputs are up-to-date.
         D:\Program Files (x86)\Microsoft Visual Studio 10.0\VC\bin\x86_amd64\CL.exe /c /Zi /nologo /Wall /WX- /Od /Oi /GL /D WIN32 /D _WINDOWS /D NDEBUG /D _MBCS /Gm- /EHsc /MTd /GS /Gy /fp:precise /Zc:wchar_t /Zc:forScope /Yu"StdAfx.h" /Fp"x64\Release\ECIBoxTB.pch" /Fo"x64\Release\\" /Fd"x64\Release\vc100.pdb" /Gd /TP /errorReport:prompt MainDlg.cpp MainDlgOld.cpp
         MainDlg.cpp
     1>c:\users\think\documents\visual studio 2010\projects\eciboxtb-20161107\eciboxtb\ECIBoxTB.h(30): warning C4625: 'CECIBoxTBApp' : copy constructor could not be generated because a base class copy constructor is inaccessible
     1>c:\users\think\documents\visual studio 2010\projects\eciboxtb-20161107\eciboxtb\ECIBoxTB.h(30): warning C4626: 'CECIBoxTBApp' : assignment operator could not be generated because a base class assignment operator is inaccessible
     1>c:\users\think\documents\visual studio 2010\projects\eciboxtb-20161107\eciboxtb\ConfigDlg.h(52): warning C4625: 'CConfigDlg' : copy constructor could not be generated because a base class copy constructor is inaccessible
     1>c:\users\think\documents\visual studio 2010\projects\eciboxtb-20161107\eciboxtb\ConfigDlg.h(52): warning C4626: 'CConfigDlg' : assignment operator could not be generated because a base class assignment operator is inaccessible
     1>c:\users\think\documents\visual studio 2010\projects\eciboxtb-20161107\eciboxtb\Info2Page.h(41): warning C4625: 'CInfo2Page' : copy constructor could not be generated because a base class copy constructor is inaccessible
     1>c:\users\think\documents\visual studio 2010\projects\eciboxtb-20161107\eciboxtb\Info2Page.h(41): warning C4626: 'CInfo2Page' : assignment operator could not be generated because a base class assignment operator is inaccessible
     1>c:\users\think\documents\visual studio 2010\projects\eciboxtb-20161107\eciboxtb\Info3Page.h(41): warning C4625: 'CInfo3Page' : copy constructor could not be generated because a base class copy constructor is inaccessible
     1>c:\users\think\documents\visual studio 2010\projects\eciboxtb-20161107\eciboxtb\Info3Page.h(41): warning C4626: 'CInfo3Page' : assignment operator could not be generated because a base class assignment operator is inaccessible
     1>c:\users\think\documents\visual studio 2010\projects\eciboxtb-20161107\eciboxtb\Info4Page.h(49): warning C4625: 'CInfo4Page' : copy constructor could not be generated because a base class copy constructor is inaccessible
     1>c:\users\think\documents\visual studio 2010\projects\eciboxtb-20161107\eciboxtb\Info4Page.h(49): warning C4626: 'CInfo4Page' : assignment operator could not be generated because a base class assignment operator is inaccessible
     1>c:\users\think\documents\visual studio 2010\projects\eciboxtb-20161107\eciboxtb\Info5Page.h(51): warning C4625: 'CInfo5Page' : copy constructor could not be generated because a base class copy constructor is inaccessible
     1>c:\users\think\documents\visual studio 2010\projects\eciboxtb-20161107\eciboxtb\Info5Page.h(51): warning C4626: 'CInfo5Page' : assignment operator could not be generated because a base class assignment operator is inaccessible
     1>c:\users\think\documents\visual studio 2010\projects\eciboxtb-20161107\eciboxtb\Info6Page.h(64): warning C4625: 'CInfo6Page' : copy constructor could not be generated because a base class copy constructor is inaccessible
     1>c:\users\think\documents\visual studio 2010\projects\eciboxtb-20161107\eciboxtb\Info6Page.h(64): warning C4626: 'CInfo6Page' : assignment operator could not be generated because a base class assignment operator is inaccessible
     1>c:\users\think\documents\visual studio 2010\projects\eciboxtb-20161107\eciboxtb\TestDlg.h(59): warning C4625: 'CTestDlg' : copy constructor could not be generated because a base class copy constructor is inaccessible
     1>c:\users\think\documents\visual studio 2010\projects\eciboxtb-20161107\eciboxtb\TestDlg.h(59): warning C4626: 'CTestDlg' : assignment operator could not be generated because a base class assignment operator is inaccessible
     1>c:\users\think\documents\visual studio 2010\projects\eciboxtb-20161107\eciboxtb\ConductTestDlg.h(69): warning C4625: 'CConductTestDlg' : copy constructor could not be generated because a base class copy constructor is inaccessible
     1>c:\users\think\documents\visual studio 2010\projects\eciboxtb-20161107\eciboxtb\ConductTestDlg.h(69): warning C4626: 'CConductTestDlg' : assignment operator could not be generated because a base class assignment operator is inaccessible
     1>c:\users\think\documents\visual studio 2010\projects\eciboxtb-20161107\eciboxtb\TpsTestDlg.h(60): warning C4625: 'CTpsTestDlg' : copy constructor could not be generated because a base class copy constructor is inaccessible
     1>c:\users\think\documents\visual studio 2010\projects\eciboxtb-20161107\eciboxtb\TpsTestDlg.h(60): warning C4626: 'CTpsTestDlg' : assignment operator could not be generated because a base class assignment operator is inaccessible
     1>c:\users\think\documents\visual studio 2010\projects\eciboxtb-20161107\eciboxtb\SwitchTestDlg.h(49): warning C4625: 'CSwitchTestDlg' : copy constructor could not be generated because a base class copy constructor is inaccessible
     1>c:\users\think\documents\visual studio 2010\projects\eciboxtb-20161107\eciboxtb\SwitchTestDlg.h(49): warning C4626: 'CSwitchTestDlg' : assignment operator could not be generated because a base class assignment operator is inaccessible
     1>c:\users\think\documents\visual studio 2010\projects\eciboxtb-20161107\eciboxtb\VersionDlg.h(33): warning C4625: 'CVersionDlg' : copy constructor could not be generated because a base class copy constructor is inaccessible
     1>c:\users\think\documents\visual studio 2010\projects\eciboxtb-20161107\eciboxtb\VersionDlg.h(33): warning C4626: 'CVersionDlg' : assignment operator could not be generated because a base class assignment operator is inaccessible
     1>c:\users\think\documents\visual studio 2010\projects\eciboxtb-20161107\eciboxtb\MainDlg.h(189): warning C4625: 'CMainDlg' : copy constructor could not be generated because a base class copy constructor is inaccessible
     1>c:\users\think\documents\visual studio 2010\projects\eciboxtb-20161107\eciboxtb\MainDlg.h(189): warning C4626: 'CMainDlg' : assignment operator could not be generated because a base class assignment operator is inaccessible
     1>c:\users\think\documents\visual studio 2010\projects\eciboxtb-20161107\eciboxtb\AboutBoxDlg.h(21): warning C4625: 'CAboutBoxDlg' : copy constructor could not be generated because a base class copy constructor is inaccessible
     1>c:\users\think\documents\visual studio 2010\projects\eciboxtb-20161107\eciboxtb\AboutBoxDlg.h(21): warning C4626: 'CAboutBoxDlg' : assignment operator could not be generated because a base class assignment operator is inaccessible
     1>MainDlg.cpp(126): warning C4191: 'type cast' : unsafe conversion from 'LRESULT (__cdecl CWnd::* )(WPARAM,LPARAM)' to 'AFX_PMSGW'
                 Calling this function through the result pointer may cause your program to fail
     1>MainDlg.cpp(127): warning C4191: 'type cast' : unsafe conversion from 'LRESULT (__cdecl CWnd::* )(WPARAM,LPARAM)' to 'AFX_PMSGW'
                 Calling this function through the result pointer may cause your program to fail
     1>MainDlg.cpp(128): warning C4191: 'type cast' : unsafe conversion from 'LRESULT (__cdecl CWnd::* )(WPARAM,LPARAM)' to 'AFX_PMSGW'
                 Calling this function through the result pointer may cause your program to fail
     1>MainDlg.cpp(129): warning C4191: 'type cast' : unsafe conversion from 'LRESULT (__cdecl CWnd::* )(WPARAM,LPARAM)' to 'AFX_PMSGW'
                 Calling this function through the result pointer may cause your program to fail
     1>MainDlg.cpp(130): warning C4191: 'type cast' : unsafe conversion from 'LRESULT (__cdecl CWnd::* )(WPARAM,LPARAM)' to 'AFX_PMSGW'
                 Calling this function through the result pointer may cause your program to fail
     1>MainDlg.cpp(131): warning C4191: 'type cast' : unsafe conversion from 'LRESULT (__cdecl CWnd::* )(WPARAM,LPARAM)' to 'AFX_PMSGW'
                 Calling this function through the result pointer may cause your program to fail
     1>MainDlg.cpp(132): warning C4191: 'type cast' : unsafe conversion from 'LRESULT (__cdecl CWnd::* )(WPARAM,LPARAM)' to 'AFX_PMSGW'
                 Calling this function through the result pointer may cause your program to fail
     1>MainDlg.cpp(133): warning C4191: 'type cast' : unsafe conversion from 'LRESULT (__cdecl CWnd::* )(WPARAM,LPARAM)' to 'AFX_PMSGW'
                 Calling this function through the result pointer may cause your program to fail
     1>MainDlg.cpp(134): warning C4191: 'type cast' : unsafe conversion from 'LRESULT (__cdecl CWnd::* )(WPARAM,LPARAM)' to 'AFX_PMSGW'
                 Calling this function through the result pointer may cause your program to fail
     1>MainDlg.cpp(136): warning C4191: 'type cast' : unsafe conversion from 'LRESULT (__cdecl CWnd::* )(WPARAM,LPARAM)' to 'AFX_PMSGW'
                 Calling this function through the result pointer may cause your program to fail
     1>MainDlg.cpp(137): warning C4191: 'type cast' : unsafe conversion from 'LRESULT (__cdecl CWnd::* )(WPARAM,LPARAM)' to 'AFX_PMSGW'
                 Calling this function through the result pointer may cause your program to fail
     1>MainDlg.cpp(138): warning C4191: 'type cast' : unsafe conversion from 'LRESULT (__cdecl CWnd::* )(WPARAM,LPARAM)' to 'AFX_PMSGW'
                 Calling this function through the result pointer may cause your program to fail
     1>MainDlg.cpp(139): warning C4191: 'type cast' : unsafe conversion from 'LRESULT (__cdecl CWnd::* )(WPARAM,LPARAM)' to 'AFX_PMSGW'
                 Calling this function through the result pointer may cause your program to fail
     1>MainDlg.cpp(140): warning C4191: 'type cast' : unsafe conversion from 'LRESULT (__cdecl CWnd::* )(WPARAM,LPARAM)' to 'AFX_PMSGW'
                 Calling this function through the result pointer may cause your program to fail
     1>MainDlg.cpp(142): warning C4191: 'type cast' : unsafe conversion from 'LRESULT (__cdecl CWnd::* )(WPARAM,LPARAM)' to 'AFX_PMSGW'
                 Calling this function through the result pointer may cause your program to fail
     1>MainDlg.cpp(143): warning C4191: 'type cast' : unsafe conversion from 'LRESULT (__cdecl CWnd::* )(WPARAM,LPARAM)' to 'AFX_PMSGW'
                 Calling this function through the result pointer may cause your program to fail
     1>MainDlg.cpp(144): warning C4191: 'type cast' : unsafe conversion from 'LRESULT (__cdecl CWnd::* )(WPARAM,LPARAM)' to 'AFX_PMSGW'
                 Calling this function through the result pointer may cause your program to fail
     1>MainDlg.cpp(146): warning C4191: 'type cast' : unsafe conversion from 'LRESULT (__cdecl CWnd::* )(WPARAM,LPARAM)' to 'AFX_PMSGW'
                 Calling this function through the result pointer may cause your program to fail
     1>MainDlg.cpp(147): warning C4191: 'type cast' : unsafe conversion from 'LRESULT (__cdecl CWnd::* )(WPARAM,LPARAM)' to 'AFX_PMSGW'
                 Calling this function through the result pointer may cause your program to fail
     1>MainDlg.cpp(148): warning C4191: 'type cast' : unsafe conversion from 'LRESULT (__cdecl CWnd::* )(WPARAM,LPARAM)' to 'AFX_PMSGW'
                 Calling this function through the result pointer may cause your program to fail
     1>MainDlg.cpp(150): warning C4191: 'type cast' : unsafe conversion from 'LRESULT (__cdecl CWnd::* )(WPARAM,LPARAM)' to 'AFX_PMSGW'
                 Calling this function through the result pointer may cause your program to fail
     1>MainDlg.cpp(151): warning C4191: 'type cast' : unsafe conversion from 'LRESULT (__cdecl CWnd::* )(WPARAM,LPARAM)' to 'AFX_PMSGW'
                 Calling this function through the result pointer may cause your program to fail
     1>MainDlg.cpp(152): warning C4191: 'type cast' : unsafe conversion from 'LRESULT (__cdecl CWnd::* )(WPARAM,LPARAM)' to 'AFX_PMSGW'
                 Calling this function through the result pointer may cause your program to fail
     1>MainDlg.cpp(154): warning C4191: 'type cast' : unsafe conversion from 'LRESULT (__cdecl CWnd::* )(WPARAM,LPARAM)' to 'AFX_PMSGW'
                 Calling this function through the result pointer may cause your program to fail
     1>MainDlg.cpp(156): warning C4191: 'type cast' : unsafe conversion from 'LRESULT (__cdecl CWnd::* )(WPARAM,LPARAM)' to 'AFX_PMSGW'
                 Calling this function through the result pointer may cause your program to fail
     1>MainDlg.cpp(157): warning C4191: 'type cast' : unsafe conversion from 'LRESULT (__cdecl CWnd::* )(WPARAM,LPARAM)' to 'AFX_PMSGW'
                 Calling this function through the result pointer may cause your program to fail
     1>MainDlg.cpp(164): warning C4302: 'type cast' : truncation from 'LPSTR' to 'WORD'
     1>MainDlg.cpp(164): warning C4302: 'type cast' : truncation from 'LPSTR' to 'WORD'
     1>MainDlg.cpp(183): warning C4365: 'argument' : conversion from 'int' to 'UINT', signed/unsigned mismatch
     1>MainDlg.cpp(546): warning C4996: 'fopen': This function or variable may be unsafe. Consider using fopen_s instead. To disable deprecation, use _CRT_SECURE_NO_WARNINGS. See online help for details.
                 D:\Program Files (x86)\Microsoft Visual Studio 10.0\VC\include\stdio.h(234) : see declaration of 'fopen'
     1>MainDlg.cpp(927): warning C4100: 'lParam' : unreferenced formal parameter
     1>MainDlg.cpp(1823): warning C4640: 'strECIport' : construction of local static object is not thread-safe
     1>MainDlg.cpp(1824): warning C4640: 'strTBport' : construction of local static object is not thread-safe
     1>MainDlg.cpp(1883): warning C4100: 'wParam' : unreferenced formal parameter
     1>MainDlg.cpp(1888): warning C4189: 'CanTestResult' : local variable is initialized but not referenced
     1>MainDlg.cpp(1888): warning C4189: 'ComTestResult' : local variable is initialized but not referenced
     1>MainDlg.cpp(1927): warning C4100: 'lParam' : unreferenced formal parameter
     1>MainDlg.cpp(1927): warning C4100: 'wParam' : unreferenced formal parameter
     1>D:\Program Files (x86)\Microsoft Visual Studio 10.0\VC\atlmfc\include\cstringt.h(2143): warning C4365: 'argument' : conversion from 'int' to 'size_t', signed/unsigned mismatch
                 D:\Program Files (x86)\Microsoft Visual Studio 10.0\VC\atlmfc\include\cstringt.h(2132) : while compiling class template member function 'void ATL::CStringT<BaseType,StringTraits>::FormatV(const char *,va_list)'
                 with
                 [
                     BaseType=char,
                     StringTraits=StrTraitMFC<char>
                 ]
         MainDlgOld.cpp
     1>c:\users\think\documents\visual studio 2010\projects\eciboxtb-20161107\eciboxtb\ECIBoxTB.h(30): warning C4625: 'CECIBoxTBApp' : copy constructor could not be generated because a base class copy constructor is inaccessible
     1>c:\users\think\documents\visual studio 2010\projects\eciboxtb-20161107\eciboxtb\ECIBoxTB.h(30): warning C4626: 'CECIBoxTBApp' : assignment operator could not be generated because a base class assignment operator is inaccessible
     1>c:\users\think\documents\visual studio 2010\projects\eciboxtb-20161107\eciboxtb\ConfigDlg.h(52): warning C4625: 'CConfigDlg' : copy constructor could not be generated because a base class copy constructor is inaccessible
     1>c:\users\think\documents\visual studio 2010\projects\eciboxtb-20161107\eciboxtb\ConfigDlg.h(52): warning C4626: 'CConfigDlg' : assignment operator could not be generated because a base class assignment operator is inaccessible
     1>c:\users\think\documents\visual studio 2010\projects\eciboxtb-20161107\eciboxtb\Info2Page.h(41): warning C4625: 'CInfo2Page' : copy constructor could not be generated because a base class copy constructor is inaccessible
     1>c:\users\think\documents\visual studio 2010\projects\eciboxtb-20161107\eciboxtb\Info2Page.h(41): warning C4626: 'CInfo2Page' : assignment operator could not be generated because a base class assignment operator is inaccessible
     1>c:\users\think\documents\visual studio 2010\projects\eciboxtb-20161107\eciboxtb\Info3Page.h(41): warning C4625: 'CInfo3Page' : copy constructor could not be generated because a base class copy constructor is inaccessible
     1>c:\users\think\documents\visual studio 2010\projects\eciboxtb-20161107\eciboxtb\Info3Page.h(41): warning C4626: 'CInfo3Page' : assignment operator could not be generated because a base class assignment operator is inaccessible
     1>c:\users\think\documents\visual studio 2010\projects\eciboxtb-20161107\eciboxtb\Info4Page.h(49): warning C4625: 'CInfo4Page' : copy constructor could not be generated because a base class copy constructor is inaccessible
     1>c:\users\think\documents\visual studio 2010\projects\eciboxtb-20161107\eciboxtb\Info4Page.h(49): warning C4626: 'CInfo4Page' : assignment operator could not be generated because a base class assignment operator is inaccessible
     1>c:\users\think\documents\visual studio 2010\projects\eciboxtb-20161107\eciboxtb\Info5PageOld.h(73): warning C4625: 'CInfo5PageOld' : copy constructor could not be generated because a base class copy constructor is inaccessible
     1>c:\users\think\documents\visual studio 2010\projects\eciboxtb-20161107\eciboxtb\Info5PageOld.h(73): warning C4626: 'CInfo5PageOld' : assignment operator could not be generated because a base class assignment operator is inaccessible
     1>c:\users\think\documents\visual studio 2010\projects\eciboxtb-20161107\eciboxtb\Info6PageOld.h(88): warning C4625: 'CInfo6PageOld' : copy constructor could not be generated because a base class copy constructor is inaccessible
     1>c:\users\think\documents\visual studio 2010\projects\eciboxtb-20161107\eciboxtb\Info6PageOld.h(88): warning C4626: 'CInfo6PageOld' : assignment operator could not be generated because a base class assignment operator is inaccessible
     1>c:\users\think\documents\visual studio 2010\projects\eciboxtb-20161107\eciboxtb\TestDlg.h(59): warning C4625: 'CTestDlg' : copy constructor could not be generated because a base class copy constructor is inaccessible
     1>c:\users\think\documents\visual studio 2010\projects\eciboxtb-20161107\eciboxtb\TestDlg.h(59): warning C4626: 'CTestDlg' : assignment operator could not be generated because a base class assignment operator is inaccessible
     1>c:\users\think\documents\visual studio 2010\projects\eciboxtb-20161107\eciboxtb\ConductTestDlg.h(69): warning C4625: 'CConductTestDlg' : copy constructor could not be generated because a base class copy constructor is inaccessible
     1>c:\users\think\documents\visual studio 2010\projects\eciboxtb-20161107\eciboxtb\ConductTestDlg.h(69): warning C4626: 'CConductTestDlg' : assignment operator could not be generated because a base class assignment operator is inaccessible
     1>c:\users\think\documents\visual studio 2010\projects\eciboxtb-20161107\eciboxtb\TpsTestDlg.h(60): warning C4625: 'CTpsTestDlg' : copy constructor could not be generated because a base class copy constructor is inaccessible
     1>c:\users\think\documents\visual studio 2010\projects\eciboxtb-20161107\eciboxtb\TpsTestDlg.h(60): warning C4626: 'CTpsTestDlg' : assignment operator could not be generated because a base class assignment operator is inaccessible
     1>c:\users\think\documents\visual studio 2010\projects\eciboxtb-20161107\eciboxtb\VersionDlg.h(33): warning C4625: 'CVersionDlg' : copy constructor could not be generated because a base class copy constructor is inaccessible
     1>c:\users\think\documents\visual studio 2010\projects\eciboxtb-20161107\eciboxtb\VersionDlg.h(33): warning C4626: 'CVersionDlg' : assignment operator could not be generated because a base class assignment operator is inaccessible
     1>c:\users\think\documents\visual studio 2010\projects\eciboxtb-20161107\eciboxtb\MainDlgOld.h(219): warning C4625: 'CMainDlgOld' : copy constructor could not be generated because a base class copy constructor is inaccessible
     1>c:\users\think\documents\visual studio 2010\projects\eciboxtb-20161107\eciboxtb\MainDlgOld.h(219): warning C4626: 'CMainDlgOld' : assignment operator could not be generated because a base class assignment operator is inaccessible
     1>c:\users\think\documents\visual studio 2010\projects\eciboxtb-20161107\eciboxtb\AboutBoxDlg.h(21): warning C4625: 'CAboutBoxDlg' : copy constructor could not be generated because a base class copy constructor is inaccessible
     1>c:\users\think\documents\visual studio 2010\projects\eciboxtb-20161107\eciboxtb\AboutBoxDlg.h(21): warning C4626: 'CAboutBoxDlg' : assignment operator could not be generated because a base class assignment operator is inaccessible
     1>MainDlgOld.cpp(99): warning C4191: 'type cast' : unsafe conversion from 'LRESULT (__cdecl CWnd::* )(WPARAM,LPARAM)' to 'AFX_PMSGW'
                 Calling this function through the result pointer may cause your program to fail
     1>MainDlgOld.cpp(100): warning C4191: 'type cast' : unsafe conversion from 'LRESULT (__cdecl CWnd::* )(WPARAM,LPARAM)' to 'AFX_PMSGW'
                 Calling this function through the result pointer may cause your program to fail
     1>MainDlgOld.cpp(101): warning C4191: 'type cast' : unsafe conversion from 'LRESULT (__cdecl CWnd::* )(WPARAM,LPARAM)' to 'AFX_PMSGW'
                 Calling this function through the result pointer may cause your program to fail
     1>MainDlgOld.cpp(102): warning C4191: 'type cast' : unsafe conversion from 'LRESULT (__cdecl CWnd::* )(WPARAM,LPARAM)' to 'AFX_PMSGW'
                 Calling this function through the result pointer may cause your program to fail
     1>MainDlgOld.cpp(103): warning C4191: 'type cast' : unsafe conversion from 'LRESULT (__cdecl CWnd::* )(WPARAM,LPARAM)' to 'AFX_PMSGW'
                 Calling this function through the result pointer may cause your program to fail
     1>MainDlgOld.cpp(104): warning C4191: 'type cast' : unsafe conversion from 'LRESULT (__cdecl CWnd::* )(WPARAM,LPARAM)' to 'AFX_PMSGW'
                 Calling this function through the result pointer may cause your program to fail
     1>MainDlgOld.cpp(105): warning C4191: 'type cast' : unsafe conversion from 'LRESULT (__cdecl CWnd::* )(WPARAM,LPARAM)' to 'AFX_PMSGW'
                 Calling this function through the result pointer may cause your program to fail
     1>MainDlgOld.cpp(106): warning C4191: 'type cast' : unsafe conversion from 'LRESULT (__cdecl CWnd::* )(WPARAM,LPARAM)' to 'AFX_PMSGW'
                 Calling this function through the result pointer may cause your program to fail
     1>MainDlgOld.cpp(107): warning C4191: 'type cast' : unsafe conversion from 'LRESULT (__cdecl CWnd::* )(WPARAM,LPARAM)' to 'AFX_PMSGW'
                 Calling this function through the result pointer may cause your program to fail
     1>MainDlgOld.cpp(109): warning C4191: 'type cast' : unsafe conversion from 'LRESULT (__cdecl CWnd::* )(WPARAM,LPARAM)' to 'AFX_PMSGW'
                 Calling this function through the result pointer may cause your program to fail
     1>MainDlgOld.cpp(110): warning C4191: 'type cast' : unsafe conversion from 'LRESULT (__cdecl CWnd::* )(WPARAM,LPARAM)' to 'AFX_PMSGW'
                 Calling this function through the result pointer may cause your program to fail
     1>MainDlgOld.cpp(111): warning C4191: 'type cast' : unsafe conversion from 'LRESULT (__cdecl CWnd::* )(WPARAM,LPARAM)' to 'AFX_PMSGW'
                 Calling this function through the result pointer may cause your program to fail
     1>MainDlgOld.cpp(112): warning C4191: 'type cast' : unsafe conversion from 'LRESULT (__cdecl CWnd::* )(WPARAM,LPARAM)' to 'AFX_PMSGW'
                 Calling this function through the result pointer may cause your program to fail
     1>MainDlgOld.cpp(113): warning C4191: 'type cast' : unsafe conversion from 'LRESULT (__cdecl CWnd::* )(WPARAM,LPARAM)' to 'AFX_PMSGW'
                 Calling this function through the result pointer may cause your program to fail
     1>MainDlgOld.cpp(115): warning C4191: 'type cast' : unsafe conversion from 'LRESULT (__cdecl CWnd::* )(WPARAM,LPARAM)' to 'AFX_PMSGW'
                 Calling this function through the result pointer may cause your program to fail
     1>MainDlgOld.cpp(116): warning C4191: 'type cast' : unsafe conversion from 'LRESULT (__cdecl CWnd::* )(WPARAM,LPARAM)' to 'AFX_PMSGW'
                 Calling this function through the result pointer may cause your program to fail
     1>MainDlgOld.cpp(117): warning C4191: 'type cast' : unsafe conversion from 'LRESULT (__cdecl CWnd::* )(WPARAM,LPARAM)' to 'AFX_PMSGW'
                 Calling this function through the result pointer may cause your program to fail
     1>MainDlgOld.cpp(119): warning C4191: 'type cast' : unsafe conversion from 'LRESULT (__cdecl CWnd::* )(WPARAM,LPARAM)' to 'AFX_PMSGW'
                 Calling this function through the result pointer may cause your program to fail
     1>MainDlgOld.cpp(120): warning C4191: 'type cast' : unsafe conversion from 'LRESULT (__cdecl CWnd::* )(WPARAM,LPARAM)' to 'AFX_PMSGW'
                 Calling this function through the result pointer may cause your program to fail
     1>MainDlgOld.cpp(121): warning C4191: 'type cast' : unsafe conversion from 'LRESULT (__cdecl CWnd::* )(WPARAM,LPARAM)' to 'AFX_PMSGW'
                 Calling this function through the result pointer may cause your program to fail
     1>MainDlgOld.cpp(123): warning C4191: 'type cast' : unsafe conversion from 'LRESULT (__cdecl CWnd::* )(WPARAM,LPARAM)' to 'AFX_PMSGW'
                 Calling this function through the result pointer may cause your program to fail
     1>MainDlgOld.cpp(124): warning C4191: 'type cast' : unsafe conversion from 'LRESULT (__cdecl CWnd::* )(WPARAM,LPARAM)' to 'AFX_PMSGW'
                 Calling this function through the result pointer may cause your program to fail
     1>MainDlgOld.cpp(125): warning C4191: 'type cast' : unsafe conversion from 'LRESULT (__cdecl CWnd::* )(WPARAM,LPARAM)' to 'AFX_PMSGW'
                 Calling this function through the result pointer may cause your program to fail
     1>MainDlgOld.cpp(129): warning C4191: 'type cast' : unsafe conversion from 'LRESULT (__cdecl CWnd::* )(WPARAM,LPARAM)' to 'AFX_PMSGW'
                 Calling this function through the result pointer may cause your program to fail
     1>MainDlgOld.cpp(136): warning C4302: 'type cast' : truncation from 'LPSTR' to 'WORD'
     1>MainDlgOld.cpp(136): warning C4302: 'type cast' : truncation from 'LPSTR' to 'WORD'
     1>MainDlgOld.cpp(156): warning C4365: 'argument' : conversion from 'int' to 'UINT', signed/unsigned mismatch
     1>MainDlgOld.cpp(458): warning C4996: 'fopen': This function or variable may be unsafe. Consider using fopen_s instead. To disable deprecation, use _CRT_SECURE_NO_WARNINGS. See online help for details.
                 D:\Program Files (x86)\Microsoft Visual Studio 10.0\VC\include\stdio.h(234) : see declaration of 'fopen'
     1>MainDlgOld.cpp(808): warning C4100: 'lParam' : unreferenced formal parameter
     1>MainDlgOld.cpp(813): warning C4189: 'AddressNumber' : local variable is initialized but not referenced
     1>MainDlgOld.cpp(1868): warning C4640: 'strECIport' : construction of local static object is not thread-safe
     1>MainDlgOld.cpp(1869): warning C4640: 'strTBport' : construction of local static object is not thread-safe
     1>MainDlgOld.cpp(1939): warning C4189: 'canInd' : local variable is initialized but not referenced
     1>MainDlgOld.cpp(2434): warning C4365: 'argument' : conversion from 'int' to 'unsigned __int64', signed/unsigned mismatch
     1>MainDlgOld.cpp(2439): warning C4365: 'argument' : conversion from 'int' to 'unsigned __int64', signed/unsigned mismatch
     1>MainDlgOld.cpp(2442): warning C4365: '=' : conversion from 'int' to 'UINT', signed/unsigned mismatch
     1>MainDlgOld.cpp(2450): warning C4365: '=' : conversion from 'int' to 'UINT', signed/unsigned mismatch
     1>MainDlgOld.cpp(2451): warning C4365: '=' : conversion from 'int' to 'UINT', signed/unsigned mismatch
     1>MainDlgOld.cpp(2452): warning C4365: '=' : conversion from 'int' to 'UINT', signed/unsigned mismatch
     1>MainDlgOld.cpp(2453): warning C4365: '=' : conversion from 'int' to 'UINT', signed/unsigned mismatch
     1>MainDlgOld.cpp(2454): warning C4365: '=' : conversion from 'int' to 'UINT', signed/unsigned mismatch
     1>MainDlgOld.cpp(2457): warning C4365: '=' : conversion from 'int' to 'UINT', signed/unsigned mismatch
     1>MainDlgOld.cpp(2458): warning C4365: '=' : conversion from 'int' to 'UINT', signed/unsigned mismatch
     1>MainDlgOld.cpp(2459): warning C4365: '=' : conversion from 'int' to 'UINT', signed/unsigned mismatch
     1>MainDlgOld.cpp(2460): warning C4365: '=' : conversion from 'int' to 'UINT', signed/unsigned mismatch
     1>MainDlgOld.cpp(2461): warning C4365: '=' : conversion from 'int' to 'UINT', signed/unsigned mismatch
     1>MainDlgOld.cpp(2464): warning C4365: '=' : conversion from 'int' to 'UINT', signed/unsigned mismatch
     1>MainDlgOld.cpp(2465): warning C4365: '=' : conversion from 'int' to 'UINT', signed/unsigned mismatch
     1>MainDlgOld.cpp(2466): warning C4365: '=' : conversion from 'int' to 'UINT', signed/unsigned mismatch
     1>MainDlgOld.cpp(2467): warning C4365: '=' : conversion from 'int' to 'UINT', signed/unsigned mismatch
     1>MainDlgOld.cpp(2468): warning C4365: '=' : conversion from 'int' to 'UINT', signed/unsigned mismatch
     1>MainDlgOld.cpp(2471): warning C4365: '=' : conversion from 'int' to 'UINT', signed/unsigned mismatch
     1>MainDlgOld.cpp(2472): warning C4365: '=' : conversion from 'int' to 'UINT', signed/unsigned mismatch
     1>MainDlgOld.cpp(2473): warning C4365: '=' : conversion from 'int' to 'UINT', signed/unsigned mismatch
     1>MainDlgOld.cpp(2474): warning C4365: '=' : conversion from 'int' to 'UINT', signed/unsigned mismatch
     1>MainDlgOld.cpp(2475): warning C4365: '=' : conversion from 'int' to 'UINT', signed/unsigned mismatch
     1>D:\Program Files (x86)\Microsoft Visual Studio 10.0\VC\atlmfc\include\cstringt.h(2143): warning C4365: 'argument' : conversion from 'int' to 'size_t', signed/unsigned mismatch
                 D:\Program Files (x86)\Microsoft Visual Studio 10.0\VC\atlmfc\include\cstringt.h(2132) : while compiling class template member function 'void ATL::CStringT<BaseType,StringTraits>::FormatV(const char *,va_list)'
                 with
                 [
                     BaseType=char,
                     StringTraits=StrTraitMFC<char>
                 ]
       ResourceCompile:
         All outputs are up-to-date.
       Link:
         D:\Program Files (x86)\Microsoft Visual Studio 10.0\VC\bin\x86_amd64\link.exe /ERRORREPORT:PROMPT /OUT:"C:\Users\Think\Documents\Visual Studio 2010\Projects\ECIBoxTB-20161107\x64\Release\ECIBoxTB.exe" /INCREMENTAL:NO /NOLOGO /MANIFEST /ManifestFile:"x64\Release\ECIBoxTB.exe.intermediate.manifest" /MANIFESTUAC:"level='asInvoker' uiAccess='false'" /DEBUG /PDB:"C:\Users\Think\Documents\Visual Studio 2010\Projects\ECIBoxTB-20161107\x64\Release\ECIBoxTB.pdb" /SUBSYSTEM:WINDOWS /OPT:REF /OPT:ICF /LTCG /TLBID:1 /DYNAMICBASE /NXCOMPAT /IMPLIB:"C:\Users\Think\Documents\Visual Studio 2010\Projects\ECIBoxTB-20161107\x64\Release\ECIBoxTB.lib" /MACHINE:X64 x64\Release\ECIBoxTB.res
         x64\Release\AboutBoxDlg.obj
         x64\Release\CommunicateWithCan.obj
         x64\Release\CommunicateWithCom.obj
         x64\Release\ConductDlg.obj
         x64\Release\ConductTestDlg.obj
         x64\Release\ConfigDlg.obj
         x64\Release\CRC.obj
         x64\Release\CSerialPort.obj
         x64\Release\ECIBoxTB.obj
         x64\Release\ECISelect.obj
         x64\Release\framePack.obj
         x64\Release\frameUnpack.obj
         x64\Release\Info2Page.obj
         x64\Release\Info3Page.obj
         x64\Release\Info4Page.obj
         x64\Release\Info5Page.obj
         x64\Release\Info5PageOld.obj
         x64\Release\Info6Page.obj
         x64\Release\Info6PageOld.obj
         x64\Release\MainDlg.obj
         x64\Release\MainDlgOld.obj
         x64\Release\stdafx.obj
         x64\Release\SwitchTestDlg.obj
         x64\Release\TestDlg.obj
         x64\Release\TpsTestDlg.obj
         ControlCAN.LIB
         Generating code
     1>c:\users\think\documents\visual studio 2010\projects\eciboxtb-20161107\eciboxtb\cserialport.cpp(729): warning C4701: potentially uninitialized local variable 'RXBuff' used
     1>c:\users\think\documents\visual studio 2010\projects\eciboxtb-20161107\eciboxtb\communicatewithcan.cpp(321): warning C4701: potentially uninitialized local variable 'pCanObj' used
     1>c:\users\think\documents\visual studio 2010\projects\eciboxtb-20161107\eciboxtb\cserialport.cpp(472): warning C4706: assignment within conditional expression
     1>c:\users\think\documents\visual studio 2010\projects\eciboxtb-20161107\eciboxtb\maindlgold.cpp(1228): warning C4701: potentially uninitialized local variable 'command' used
     1>c:\users\think\documents\visual studio 2010\projects\eciboxtb-20161107\eciboxtb\maindlg.cpp(2102): warning C4701: potentially uninitialized local variable 'conductCommand' used
     1>c:\users\think\documents\visual studio 2010\projects\eciboxtb-20161107\eciboxtb\maindlg.cpp(2030): warning C4701: potentially uninitialized local variable 'IDC_RESULT_DEFINE' used
     1>c:\users\think\documents\visual studio 2010\projects\eciboxtb-20161107\eciboxtb\maindlg.cpp(2051): warning C4701: potentially uninitialized local variable 'IDC_STATUS_DEFINE' used
     1>c:\users\think\documents\visual studio 2010\projects\eciboxtb-20161107\eciboxtb\maindlg.cpp(2052): warning C4701: potentially uninitialized local variable 'IDC_NEXT_BUTTON_DEFINE' used
     1>c:\users\think\documents\visual studio 2010\projects\eciboxtb-20161107\eciboxtb\maindlg.cpp(2032): warning C4701: potentially uninitialized local variable 'IDC_RETEST_BUTTON' used
     1>c:\users\think\documents\visual studio 2010\projects\eciboxtb-20161107\eciboxtb\maindlgold.cpp(1975): warning C4701: potentially uninitialized local variable 'conductCommand' used
         Finished generating code
         ECIBoxTB.vcxproj -> C:\Users\Think\Documents\Visual Studio 2010\Projects\ECIBoxTB-20161107\x64\Release\ECIBoxTB.exe
       Manifest:
         C:\Program Files (x86)\Microsoft SDKs\Windows\v7.0A\bin\mt.exe /nologo /verbose /outputresource:"C:\Users\Think\Documents\Visual Studio 2010\Projects\ECIBoxTB-20161107\x64\Release\ECIBoxTB.exe;#1" /manifest x64\Release\ECIBoxTB.exe.intermediate.manifest "D:\Program Files (x86)\Microsoft Visual Studio 10.0\VC\Include\Manifest\dpiaware.manifest"
       FinalizeBuildStatus:
         Deleting file "x64\Release\ECIBoxTB.unsuccessfulbuild".
         Touching "x64\Release\ECIBoxTB.lastbuildstate".
     1>Done Building Project "C:\Users\Think\Documents\Visual Studio 2010\Projects\ECIBoxTB-20161107\ECIBoxTB\ECIBoxTB.vcxproj" (build target(s)).

Build succeeded.

Time Elapsed 00:00:59.68
